<?xml version="1.0" encoding="UTF-8"?>
<!-- Generated by org.testng.reporters.JUnitXMLReporter -->
<testsuite hostname="DESKTOP-BG3KCPN" ignored="0" name="Test" tests="75" failures="2" timestamp="2021-06-02T15:15:50 IST" time="88.906" errors="0">
  <testcase name="@AfterMethod captureScreen" time="0.005" classname="com.eic.qa.base.TestBase">
    <failure type="org.openqa.selenium.NoSuchWindowException" message="no such window: target window already closed
from unknown error: web view not found
  (Session info: chrome=91.0.4472.77)
Build info: version: &amp;apos;3.141.59&amp;apos;, revision: &amp;apos;e82be7d358&amp;apos;, time: &amp;apos;2018-11-14T08:17:03&amp;apos;
System info: host: &amp;apos;DESKTOP-BG3KCPN&amp;apos;, ip: &amp;apos;192.168.1.100&amp;apos;, os.name: &amp;apos;Windows 10&amp;apos;, os.arch: &amp;apos;amd64&amp;apos;, os.version: &amp;apos;10.0&amp;apos;, java.version: &amp;apos;1.8.0_181&amp;apos;
Driver info: org.openqa.selenium.chrome.ChromeDriver
Capabilities {acceptInsecureCerts: false, browserName: chrome, browserVersion: 91.0.4472.77, chrome: {chromedriverVersion: 91.0.4472.19 (1bf021f248676..., userDataDir: C:\Users\HP\AppData\Local\T...}, goog:chromeOptions: {debuggerAddress: localhost:59045}, javascriptEnabled: true, networkConnectionEnabled: false, pageLoadStrategy: normal, platform: WINDOWS, platformName: WINDOWS, proxy: Proxy(), setWindowRect: true, strictFileInteractability: false, timeouts: {implicit: 0, pageLoad: 300000, script: 30000}, unhandledPromptBehavior: dismiss and notify, webauthn:extension:largeBlob: true, webauthn:virtualAuthenticators: true}
Session ID: 1823f0b34b2bf4964a6913d20a4399d3">
      <![CDATA[org.openqa.selenium.NoSuchWindowException: no such window: target window already closed
from unknown error: web view not found
  (Session info: chrome=91.0.4472.77)
Build info: version: '3.141.59', revision: 'e82be7d358', time: '2018-11-14T08:17:03'
System info: host: 'DESKTOP-BG3KCPN', ip: '192.168.1.100', os.name: 'Windows 10', os.arch: 'amd64', os.version: '10.0', java.version: '1.8.0_181'
Driver info: org.openqa.selenium.chrome.ChromeDriver
Capabilities {acceptInsecureCerts: false, browserName: chrome, browserVersion: 91.0.4472.77, chrome: {chromedriverVersion: 91.0.4472.19 (1bf021f248676..., userDataDir: C:\Users\HP\AppData\Local\T...}, goog:chromeOptions: {debuggerAddress: localhost:59045}, javascriptEnabled: true, networkConnectionEnabled: false, pageLoadStrategy: normal, platform: WINDOWS, platformName: WINDOWS, proxy: Proxy(), setWindowRect: true, strictFileInteractability: false, timeouts: {implicit: 0, pageLoad: 300000, script: 30000}, unhandledPromptBehavior: dismiss and notify, webauthn:extension:largeBlob: true, webauthn:virtualAuthenticators: true}
Session ID: 1823f0b34b2bf4964a6913d20a4399d3
at org.openqa.selenium.remote.http.W3CHttpResponseCodec.createException(W3CHttpResponseCodec.java:187)
at org.openqa.selenium.remote.http.W3CHttpResponseCodec.decode(W3CHttpResponseCodec.java:122)
at org.openqa.selenium.remote.http.W3CHttpResponseCodec.decode(W3CHttpResponseCodec.java:49)
at org.openqa.selenium.remote.HttpCommandExecutor.execute(HttpCommandExecutor.java:158)
at org.openqa.selenium.remote.service.DriverCommandExecutor.execute(DriverCommandExecutor.java:83)
at org.openqa.selenium.remote.RemoteWebDriver.execute(RemoteWebDriver.java:552)
at org.openqa.selenium.remote.RemoteWebDriver.execute(RemoteWebDriver.java:609)
at org.openqa.selenium.remote.RemoteWebDriver.getScreenshotAs(RemoteWebDriver.java:295)
at com.eic.qa.base.TestBase.captureScreen(TestBase.java:135)
at java.util.ArrayList.forEach(ArrayList.java:1257)
... Removed 40 stack frames]]>
    </failure>
  </testcase> <!-- @AfterMethod captureScreen -->
  <testcase name="@AfterMethod captureScreen" time="-1.622627150329E9" classname="com.eic.qa.base.TestBase">
    <skipped/>
  </testcase> <!-- @AfterMethod captureScreen -->
  <testcase name="@AfterMethod captureScreen" time="-1.622627150338E9" classname="com.eic.qa.base.TestBase">
    <skipped/>
  </testcase> <!-- @AfterMethod captureScreen -->
  <testcase name="@AfterMethod captureScreen" time="-1.622627150341E9" classname="com.eic.qa.base.TestBase">
    <skipped/>
  </testcase> <!-- @AfterMethod captureScreen -->
  <testcase name="@AfterMethod captureScreen" time="-1.622627150343E9" classname="com.eic.qa.base.TestBase">
    <skipped/>
  </testcase> <!-- @AfterMethod captureScreen -->
  <testcase name="@AfterMethod captureScreen" time="-1.622627150345E9" classname="com.eic.qa.base.TestBase">
    <skipped/>
  </testcase> <!-- @AfterMethod captureScreen -->
  <testcase name="@AfterMethod captureScreen" time="-1.622627150348E9" classname="com.eic.qa.base.TestBase">
    <skipped/>
  </testcase> <!-- @AfterMethod captureScreen -->
  <testcase name="@AfterMethod captureScreen" time="-1.622627150358E9" classname="com.eic.qa.base.TestBase">
    <skipped/>
  </testcase> <!-- @AfterMethod captureScreen -->
  <testcase name="@AfterMethod captureScreen" time="-1.622627150362E9" classname="com.eic.qa.base.TestBase">
    <skipped/>
  </testcase> <!-- @AfterMethod captureScreen -->
  <testcase name="@AfterMethod captureScreen" time="-1.622627150374E9" classname="com.eic.qa.base.TestBase">
    <skipped/>
  </testcase> <!-- @AfterMethod captureScreen -->
  <testcase name="@AfterMethod captureScreen" time="-1.622627150385E9" classname="com.eic.qa.base.TestBase">
    <skipped/>
  </testcase> <!-- @AfterMethod captureScreen -->
  <testcase name="@AfterMethod captureScreen" time="-1.622627150394E9" classname="com.eic.qa.base.TestBase">
    <skipped/>
  </testcase> <!-- @AfterMethod captureScreen -->
  <testcase name="@AfterMethod captureScreen" time="-1.622627150407E9" classname="com.eic.qa.base.TestBase">
    <skipped/>
  </testcase> <!-- @AfterMethod captureScreen -->
  <testcase name="@AfterMethod captureScreen" time="-1.622627150411E9" classname="com.eic.qa.base.TestBase">
    <skipped/>
  </testcase> <!-- @AfterMethod captureScreen -->
  <testcase name="@AfterMethod captureScreen" time="-1.622627150414E9" classname="com.eic.qa.base.TestBase">
    <skipped/>
  </testcase> <!-- @AfterMethod captureScreen -->
  <testcase name="@AfterMethod captureScreen" time="-1.622627150416E9" classname="com.eic.qa.base.TestBase">
    <skipped/>
  </testcase> <!-- @AfterMethod captureScreen -->
  <testcase name="@AfterMethod captureScreen" time="-1.62262715042E9" classname="com.eic.qa.base.TestBase">
    <skipped/>
  </testcase> <!-- @AfterMethod captureScreen -->
  <testcase name="@AfterMethod captureScreen" time="-1.622627150422E9" classname="com.eic.qa.base.TestBase">
    <skipped/>
  </testcase> <!-- @AfterMethod captureScreen -->
  <testcase name="@AfterMethod captureScreen" time="-1.622627150425E9" classname="com.eic.qa.base.TestBase">
    <skipped/>
  </testcase> <!-- @AfterMethod captureScreen -->
  <testcase name="@AfterMethod captureScreen" time="-1.622627150426E9" classname="com.eic.qa.base.TestBase">
    <skipped/>
  </testcase> <!-- @AfterMethod captureScreen -->
  <testcase name="@AfterMethod captureScreen" time="-1.622627150429E9" classname="com.eic.qa.base.TestBase">
    <skipped/>
  </testcase> <!-- @AfterMethod captureScreen -->
  <testcase name="@AfterMethod captureScreen" time="-1.622627150432E9" classname="com.eic.qa.base.TestBase">
    <skipped/>
  </testcase> <!-- @AfterMethod captureScreen -->
  <testcase name="@AfterMethod captureScreen" time="-1.622627150436E9" classname="com.eic.qa.base.TestBase">
    <skipped/>
  </testcase> <!-- @AfterMethod captureScreen -->
  <testcase name="@AfterMethod captureScreen" time="-1.622627150438E9" classname="com.eic.qa.base.TestBase">
    <skipped/>
  </testcase> <!-- @AfterMethod captureScreen -->
  <testcase name="@AfterMethod captureScreen" time="-1.622627150442E9" classname="com.eic.qa.base.TestBase">
    <skipped/>
  </testcase> <!-- @AfterMethod captureScreen -->
  <testcase name="@AfterMethod captureScreen" time="-1.622627150446E9" classname="com.eic.qa.base.TestBase">
    <skipped/>
  </testcase> <!-- @AfterMethod captureScreen -->
  <testcase name="@AfterMethod captureScreen" time="-1.622627150449E9" classname="com.eic.qa.base.TestBase">
    <skipped/>
  </testcase> <!-- @AfterMethod captureScreen -->
  <testcase name="@AfterMethod captureScreen" time="-1.622627150452E9" classname="com.eic.qa.base.TestBase">
    <skipped/>
  </testcase> <!-- @AfterMethod captureScreen -->
  <testcase name="@AfterMethod captureScreen" time="-1.622627150453E9" classname="com.eic.qa.base.TestBase">
    <skipped/>
  </testcase> <!-- @AfterMethod captureScreen -->
  <testcase name="@AfterMethod captureScreen" time="-1.622627150462E9" classname="com.eic.qa.base.TestBase">
    <skipped/>
  </testcase> <!-- @AfterMethod captureScreen -->
  <testcase name="@AfterMethod captureScreen" time="-1.622627150468E9" classname="com.eic.qa.base.TestBase">
    <skipped/>
  </testcase> <!-- @AfterMethod captureScreen -->
  <testcase name="@AfterMethod captureScreen" time="-1.622627150472E9" classname="com.eic.qa.base.TestBase">
    <skipped/>
  </testcase> <!-- @AfterMethod captureScreen -->
  <testcase name="@AfterMethod captureScreen" time="-1.622627150478E9" classname="com.eic.qa.base.TestBase">
    <skipped/>
  </testcase> <!-- @AfterMethod captureScreen -->
  <testcase name="@AfterMethod captureScreen" time="-1.622627150484E9" classname="com.eic.qa.base.TestBase">
    <skipped/>
  </testcase> <!-- @AfterMethod captureScreen -->
  <testcase name="@AfterMethod captureScreen" time="-1.622627150496E9" classname="com.eic.qa.base.TestBase">
    <skipped/>
  </testcase> <!-- @AfterMethod captureScreen -->
  <testcase name="@AfterMethod captureScreen" time="-1.622627150499E9" classname="com.eic.qa.base.TestBase">
    <skipped/>
  </testcase> <!-- @AfterMethod captureScreen -->
  <testcase name="@AfterMethod captureScreen" time="-1.622627150502E9" classname="com.eic.qa.base.TestBase">
    <skipped/>
  </testcase> <!-- @AfterMethod captureScreen -->
  <testcase name="@AfterMethod captureScreen" time="-1.622627150504E9" classname="com.eic.qa.base.TestBase">
    <skipped/>
  </testcase> <!-- @AfterMethod captureScreen -->
  <testcase name="@AfterMethod captureScreen" time="-1.622627150506E9" classname="com.eic.qa.base.TestBase">
    <skipped/>
  </testcase> <!-- @AfterMethod captureScreen -->
  <testcase name="@AfterMethod captureScreen" time="-1.622627150511E9" classname="com.eic.qa.base.TestBase">
    <skipped/>
  </testcase> <!-- @AfterMethod captureScreen -->
  <testcase name="@AfterMethod captureScreen" time="-1.622627150515E9" classname="com.eic.qa.base.TestBase">
    <skipped/>
  </testcase> <!-- @AfterMethod captureScreen -->
  <testcase name="@AfterMethod captureScreen" time="-1.622627150517E9" classname="com.eic.qa.base.TestBase">
    <skipped/>
  </testcase> <!-- @AfterMethod captureScreen -->
  <testcase name="@AfterMethod captureScreen" time="-1.622627150519E9" classname="com.eic.qa.base.TestBase">
    <skipped/>
  </testcase> <!-- @AfterMethod captureScreen -->
  <testcase name="@AfterMethod captureScreen" time="-1.622627150521E9" classname="com.eic.qa.base.TestBase">
    <skipped/>
  </testcase> <!-- @AfterMethod captureScreen -->
  <testcase name="@AfterMethod captureScreen" time="-1.622627150522E9" classname="com.eic.qa.base.TestBase">
    <skipped/>
  </testcase> <!-- @AfterMethod captureScreen -->
  <testcase name="@AfterMethod captureScreen" time="-1.622627150523E9" classname="com.eic.qa.base.TestBase">
    <skipped/>
  </testcase> <!-- @AfterMethod captureScreen -->
  <testcase name="@AfterMethod captureScreen" time="-1.622627150524E9" classname="com.eic.qa.base.TestBase">
    <skipped/>
  </testcase> <!-- @AfterMethod captureScreen -->
  <testcase name="@AfterMethod captureScreen" time="-1.622627150525E9" classname="com.eic.qa.base.TestBase">
    <skipped/>
  </testcase> <!-- @AfterMethod captureScreen -->
  <testcase name="@AfterMethod captureScreen" time="-1.622627150527E9" classname="com.eic.qa.base.TestBase">
    <skipped/>
  </testcase> <!-- @AfterMethod captureScreen -->
  <testcase name="@AfterMethod captureScreen" time="-1.62262715053E9" classname="com.eic.qa.base.TestBase">
    <skipped/>
  </testcase> <!-- @AfterMethod captureScreen -->
  <testcase name="@AfterMethod captureScreen" time="-1.622627150533E9" classname="com.eic.qa.base.TestBase">
    <skipped/>
  </testcase> <!-- @AfterMethod captureScreen -->
  <testcase name="@AfterMethod captureScreen" time="-1.622627150551E9" classname="com.eic.qa.base.TestBase">
    <skipped/>
  </testcase> <!-- @AfterMethod captureScreen -->
  <testcase name="@AfterMethod captureScreen" time="-1.622627150553E9" classname="com.eic.qa.base.TestBase">
    <skipped/>
  </testcase> <!-- @AfterMethod captureScreen -->
  <testcase name="@AfterMethod captureScreen" time="-1.622627150555E9" classname="com.eic.qa.base.TestBase">
    <skipped/>
  </testcase> <!-- @AfterMethod captureScreen -->
  <testcase name="@AfterMethod captureScreen" time="-1.622627150556E9" classname="com.eic.qa.base.TestBase">
    <skipped/>
  </testcase> <!-- @AfterMethod captureScreen -->
  <testcase name="@AfterMethod captureScreen" time="-1.622627150558E9" classname="com.eic.qa.base.TestBase">
    <skipped/>
  </testcase> <!-- @AfterMethod captureScreen -->
  <testcase name="@AfterMethod captureScreen" time="-1.622627150562E9" classname="com.eic.qa.base.TestBase">
    <skipped/>
  </testcase> <!-- @AfterMethod captureScreen -->
  <testcase name="@AfterMethod captureScreen" time="-1.622627150563E9" classname="com.eic.qa.base.TestBase">
    <skipped/>
  </testcase> <!-- @AfterMethod captureScreen -->
  <testcase name="@AfterMethod captureScreen" time="-1.622627150564E9" classname="com.eic.qa.base.TestBase">
    <skipped/>
  </testcase> <!-- @AfterMethod captureScreen -->
  <testcase name="@AfterMethod captureScreen" time="-1.622627150566E9" classname="com.eic.qa.base.TestBase">
    <skipped/>
  </testcase> <!-- @AfterMethod captureScreen -->
  <testcase name="@AfterMethod captureScreen" time="-1.622627150567E9" classname="com.eic.qa.base.TestBase">
    <skipped/>
  </testcase> <!-- @AfterMethod captureScreen -->
  <testcase name="@AfterMethod captureScreen" time="-1.622627150569E9" classname="com.eic.qa.base.TestBase">
    <skipped/>
  </testcase> <!-- @AfterMethod captureScreen -->
  <testcase name="@AfterMethod captureScreen" time="-1.622627150571E9" classname="com.eic.qa.base.TestBase">
    <skipped/>
  </testcase> <!-- @AfterMethod captureScreen -->
  <testcase name="@AfterMethod captureScreen" time="-1.622627150572E9" classname="com.eic.qa.base.TestBase">
    <skipped/>
  </testcase> <!-- @AfterMethod captureScreen -->
  <testcase name="@AfterMethod captureScreen" time="-1.622627150574E9" classname="com.eic.qa.base.TestBase">
    <skipped/>
  </testcase> <!-- @AfterMethod captureScreen -->
  <testcase name="@AfterMethod captureScreen" time="-1.622627150576E9" classname="com.eic.qa.base.TestBase">
    <skipped/>
  </testcase> <!-- @AfterMethod captureScreen -->
  <testcase name="@AfterMethod captureScreen" time="-1.622627150578E9" classname="com.eic.qa.base.TestBase">
    <skipped/>
  </testcase> <!-- @AfterMethod captureScreen -->
  <testcase name="@AfterMethod captureScreen" time="-1.62262715058E9" classname="com.eic.qa.base.TestBase">
    <skipped/>
  </testcase> <!-- @AfterMethod captureScreen -->
  <testcase name="downloadfiles" time="5.417" classname="com.eic.qa.base.TestBase"/>
  <testcase name="setup" time="20.456" classname="com.eic.qa.testcases.SolarScenarioTest"/>
  <testcase name="loginTest" time="0.518" classname="com.eic.qa.testcases.SolarScenarioTest"/>
  <testcase name="PageTitel" time="1.019" classname="com.eic.qa.testcases.SolarScenarioTest"/>
  <testcase name="searchbyscenariodelete" time="5.809" classname="com.eic.qa.testcases.SolarScenarioTest"/>
  <testcase name="Simulation1" time="20.108" classname="com.eic.qa.testcases.SolarScenarioTest"/>
  <testcase name="createScenario" time="20.033" classname="com.eic.qa.testcases.SolarScenarioTest">
    <failure type="org.openqa.selenium.NoSuchElementException" message="no such element: Unable to locate element: {&amp;quot;method&amp;quot;:&amp;quot;css selector&amp;quot;,&amp;quot;selector&amp;quot;:&amp;quot;#scenarios_create_button&amp;quot;}
  (Session info: chrome=91.0.4472.77)
For documentation on this error, please visit: https://www.seleniumhq.org/exceptions/no_such_element.html
Build info: version: &amp;apos;3.141.59&amp;apos;, revision: &amp;apos;e82be7d358&amp;apos;, time: &amp;apos;2018-11-14T08:17:03&amp;apos;
System info: host: &amp;apos;DESKTOP-BG3KCPN&amp;apos;, ip: &amp;apos;192.168.1.100&amp;apos;, os.name: &amp;apos;Windows 10&amp;apos;, os.arch: &amp;apos;amd64&amp;apos;, os.version: &amp;apos;10.0&amp;apos;, java.version: &amp;apos;1.8.0_181&amp;apos;
Driver info: org.openqa.selenium.chrome.ChromeDriver
Capabilities {acceptInsecureCerts: false, browserName: chrome, browserVersion: 91.0.4472.77, chrome: {chromedriverVersion: 91.0.4472.19 (1bf021f248676..., userDataDir: C:\Users\HP\AppData\Local\T...}, goog:chromeOptions: {debuggerAddress: localhost:59045}, javascriptEnabled: true, networkConnectionEnabled: false, pageLoadStrategy: normal, platform: WINDOWS, platformName: WINDOWS, proxy: Proxy(), setWindowRect: true, strictFileInteractability: false, timeouts: {implicit: 0, pageLoad: 300000, script: 30000}, unhandledPromptBehavior: dismiss and notify, webauthn:extension:largeBlob: true, webauthn:virtualAuthenticators: true}
Session ID: 1823f0b34b2bf4964a6913d20a4399d3
*** Element info: {Using=id, value=scenarios_create_button}">
      <![CDATA[org.openqa.selenium.NoSuchElementException: no such element: Unable to locate element: {"method":"css selector","selector":"#scenarios_create_button"}
  (Session info: chrome=91.0.4472.77)
For documentation on this error, please visit: https://www.seleniumhq.org/exceptions/no_such_element.html
Build info: version: '3.141.59', revision: 'e82be7d358', time: '2018-11-14T08:17:03'
System info: host: 'DESKTOP-BG3KCPN', ip: '192.168.1.100', os.name: 'Windows 10', os.arch: 'amd64', os.version: '10.0', java.version: '1.8.0_181'
Driver info: org.openqa.selenium.chrome.ChromeDriver
Capabilities {acceptInsecureCerts: false, browserName: chrome, browserVersion: 91.0.4472.77, chrome: {chromedriverVersion: 91.0.4472.19 (1bf021f248676..., userDataDir: C:\Users\HP\AppData\Local\T...}, goog:chromeOptions: {debuggerAddress: localhost:59045}, javascriptEnabled: true, networkConnectionEnabled: false, pageLoadStrategy: normal, platform: WINDOWS, platformName: WINDOWS, proxy: Proxy(), setWindowRect: true, strictFileInteractability: false, timeouts: {implicit: 0, pageLoad: 300000, script: 30000}, unhandledPromptBehavior: dismiss and notify, webauthn:extension:largeBlob: true, webauthn:virtualAuthenticators: true}
Session ID: 1823f0b34b2bf4964a6913d20a4399d3
*** Element info: {Using=id, value=scenarios_create_button}
at org.openqa.selenium.remote.http.W3CHttpResponseCodec.createException(W3CHttpResponseCodec.java:187)
at org.openqa.selenium.remote.http.W3CHttpResponseCodec.decode(W3CHttpResponseCodec.java:122)
at org.openqa.selenium.remote.http.W3CHttpResponseCodec.decode(W3CHttpResponseCodec.java:49)
at org.openqa.selenium.remote.HttpCommandExecutor.execute(HttpCommandExecutor.java:158)
at org.openqa.selenium.remote.service.DriverCommandExecutor.execute(DriverCommandExecutor.java:83)
at org.openqa.selenium.remote.RemoteWebDriver.execute(RemoteWebDriver.java:552)
at org.openqa.selenium.remote.RemoteWebDriver.findElement(RemoteWebDriver.java:323)
at org.openqa.selenium.remote.RemoteWebDriver.findElementById(RemoteWebDriver.java:372)
at org.openqa.selenium.By$ById.findElement(By.java:188)
at org.openqa.selenium.remote.RemoteWebDriver.findElement(RemoteWebDriver.java:315)
at org.openqa.selenium.support.pagefactory.DefaultElementLocator.findElement(DefaultElementLocator.java:69)
at org.openqa.selenium.support.pagefactory.internal.LocatingElementHandler.invoke(LocatingElementHandler.java:38)
at com.sun.proxy.$Proxy7.click(Unknown Source)
at com.eic.qa.pages.ScenarioInformation.CreateScenario(ScenarioInformation.java:98)
at com.eic.qa.testcases.SolarScenarioTest.createScenario(SolarScenarioTest.java:122)
at java.util.ArrayList.forEach(ArrayList.java:1257)
... Removed 35 stack frames]]>
    </failure>
  </testcase> <!-- createScenario -->
  <testcase name="scenariopubliccheckbox" time="14.747" classname="com.eic.qa.testcases.SolarScenarioTest">
    <failure type="org.openqa.selenium.NoSuchElementException" message="Cannot locate an element using xpath=//*[@id=&amp;quot;scenario-information&amp;quot;]/div[3]/div[1]/div/form/div[2]/div[2]/div/div/label
For documentation on this error, please visit: https://www.seleniumhq.org/exceptions/no_such_element.html
Build info: version: &amp;apos;3.141.59&amp;apos;, revision: &amp;apos;e82be7d358&amp;apos;, time: &amp;apos;2018-11-14T08:17:03&amp;apos;
System info: host: &amp;apos;DESKTOP-BG3KCPN&amp;apos;, ip: &amp;apos;192.168.1.100&amp;apos;, os.name: &amp;apos;Windows 10&amp;apos;, os.arch: &amp;apos;amd64&amp;apos;, os.version: &amp;apos;10.0&amp;apos;, java.version: &amp;apos;1.8.0_181&amp;apos;
Driver info: driver.version: RemoteWebDriver">
      <![CDATA[org.openqa.selenium.NoSuchElementException: Cannot locate an element using xpath=//*[@id="scenario-information"]/div[3]/div[1]/div/form/div[2]/div[2]/div/div/label
For documentation on this error, please visit: https://www.seleniumhq.org/exceptions/no_such_element.html
Build info: version: '3.141.59', revision: 'e82be7d358', time: '2018-11-14T08:17:03'
System info: host: 'DESKTOP-BG3KCPN', ip: '192.168.1.100', os.name: 'Windows 10', os.arch: 'amd64', os.version: '10.0', java.version: '1.8.0_181'
Driver info: driver.version: RemoteWebDriver
at org.openqa.selenium.remote.RemoteWebDriver.findElement(RemoteWebDriver.java:327)
at org.openqa.selenium.remote.RemoteWebDriver.findElementByXPath(RemoteWebDriver.java:428)
at org.openqa.selenium.By$ByXPath.findElement(By.java:353)
at org.openqa.selenium.remote.RemoteWebDriver.findElement(RemoteWebDriver.java:315)
at org.openqa.selenium.support.pagefactory.DefaultElementLocator.findElement(DefaultElementLocator.java:69)
at org.openqa.selenium.support.pagefactory.internal.LocatingElementHandler.invoke(LocatingElementHandler.java:38)
at com.sun.proxy.$Proxy7.isEnabled(Unknown Source)
at com.eic.qa.pages.ScenarioInformation.publicElement(ScenarioInformation.java:115)
at com.eic.qa.testcases.SolarScenarioTest.scenariopubliccheckbox(SolarScenarioTest.java:132)
at java.util.ArrayList.forEach(ArrayList.java:1257)
... Removed 31 stack frames]]>
    </failure>
  </testcase> <!-- scenariopubliccheckbox -->
  <testcase name="basicdetails" time="0.0" classname="com.eic.qa.testcases.SolarScenarioTest">
    <skipped/>
  </testcase> <!-- basicdetails -->
  <testcase name="locationdetails" time="0.0" classname="com.eic.qa.testcases.SolarScenarioTest">
    <skipped/>
  </testcase> <!-- locationdetails -->
  <testcase name="SolarRadioButton" time="0.0" classname="com.eic.qa.testcases.SolarScenarioTest">
    <skipped/>
  </testcase> <!-- SolarRadioButton -->
  <testcase name="SolarTextFiled" time="0.0" classname="com.eic.qa.testcases.SolarScenarioTest">
    <skipped/>
  </testcase> <!-- SolarTextFiled -->
  <testcase name="SolarUploadFile" time="0.0" classname="com.eic.qa.testcases.SolarScenarioTest">
    <skipped/>
  </testcase> <!-- SolarUploadFile -->
  <testcase name="ScenarioInverterSize" time="0.0" classname="com.eic.qa.testcases.SolarScenarioTest">
    <skipped/>
  </testcase> <!-- ScenarioInverterSize -->
  <testcase name="WindRadioButton" time="0.0" classname="com.eic.qa.testcases.SolarScenarioTest">
    <skipped/>
  </testcase> <!-- WindRadioButton -->
  <testcase name="WindTextField" time="0.0" classname="com.eic.qa.testcases.SolarScenarioTest">
    <skipped/>
  </testcase> <!-- WindTextField -->
  <testcase name="windUploadFile" time="0.0" classname="com.eic.qa.testcases.SolarScenarioTest">
    <skipped/>
  </testcase> <!-- windUploadFile -->
  <testcase name="ScenarioFarmSize" time="0.0" classname="com.eic.qa.testcases.SolarScenarioTest">
    <skipped/>
  </testcase> <!-- ScenarioFarmSize -->
  <testcase name="utlityRadioBut" time="0.0" classname="com.eic.qa.testcases.SolarScenarioTest">
    <skipped/>
  </testcase> <!-- utlityRadioBut -->
  <testcase name="UtilityCapacity" time="0.0" classname="com.eic.qa.testcases.SolarScenarioTest">
    <skipped/>
  </testcase> <!-- UtilityCapacity -->
  <testcase name="savebutton" time="0.0" classname="com.eic.qa.testcases.SolarScenarioTest">
    <skipped/>
  </testcase> <!-- savebutton -->
  <testcase name="LoadCapacity" time="0.0" classname="com.eic.qa.testcases.SolarScenarioTest">
    <skipped/>
  </testcase> <!-- LoadCapacity -->
  <testcase name="LoadProfileRadioButtonsselection" time="0.0" classname="com.eic.qa.testcases.SolarScenarioTest">
    <skipped/>
  </testcase> <!-- LoadProfileRadioButtonsselection -->
  <testcase name="PercentageofCapacity" time="0.0" classname="com.eic.qa.testcases.SolarScenarioTest">
    <skipped/>
  </testcase> <!-- PercentageofCapacity -->
  <testcase name="saveButton" time="0.0" classname="com.eic.qa.testcases.SolarScenarioTest">
    <skipped/>
  </testcase> <!-- saveButton -->
  <testcase name="StoteType" time="0.0" classname="com.eic.qa.testcases.SolarScenarioTest">
    <skipped/>
  </testcase> <!-- StoteType -->
  <testcase name="StorageCapacity" time="0.0" classname="com.eic.qa.testcases.SolarScenarioTest">
    <skipped/>
  </testcase> <!-- StorageCapacity -->
  <testcase name="TargetReserveCapacity" time="0.0" classname="com.eic.qa.testcases.SolarScenarioTest">
    <skipped/>
  </testcase> <!-- TargetReserveCapacity -->
  <testcase name="StorageInitialCharge" time="0.0" classname="com.eic.qa.testcases.SolarScenarioTest">
    <skipped/>
  </testcase> <!-- StorageInitialCharge -->
  <testcase name="Capacityvalues" time="0.0" classname="com.eic.qa.testcases.SolarScenarioTest">
    <skipped/>
  </testcase> <!-- Capacityvalues -->
  <testcase name="CapacityTotalDischargeRate" time="0.0" classname="com.eic.qa.testcases.SolarScenarioTest">
    <skipped/>
  </testcase> <!-- CapacityTotalDischargeRate -->
  <testcase name="CapacityTotalChargeRate" time="0.0" classname="com.eic.qa.testcases.SolarScenarioTest">
    <skipped/>
  </testcase> <!-- CapacityTotalChargeRate -->
  <testcase name="SelectEfficiency" time="0.0" classname="com.eic.qa.testcases.SolarScenarioTest">
    <skipped/>
  </testcase> <!-- SelectEfficiency -->
  <testcase name="Efficiencytextfiled" time="0.0" classname="com.eic.qa.testcases.SolarScenarioTest">
    <skipped/>
  </testcase> <!-- Efficiencytextfiled -->
  <testcase name="saveAndContinue" time="0.0" classname="com.eic.qa.testcases.SolarScenarioTest">
    <skipped/>
  </testcase> <!-- saveAndContinue -->
  <testcase name="Lifetimeofplant" time="0.0" classname="com.eic.qa.testcases.SolarScenarioTest">
    <skipped/>
  </testcase> <!-- Lifetimeofplant -->
  <testcase name="DiscountRate" time="0.0" classname="com.eic.qa.testcases.SolarScenarioTest">
    <skipped/>
  </testcase> <!-- DiscountRate -->
  <testcase name="Solar" time="0.0" classname="com.eic.qa.testcases.SolarScenarioTest">
    <skipped/>
  </testcase> <!-- Solar -->
  <testcase name="solarcapitalcostvalue" time="0.0" classname="com.eic.qa.testcases.SolarScenarioTest">
    <skipped/>
  </testcase> <!-- solarcapitalcostvalue -->
  <testcase name="solarAnnualMaintenanceCostvalue" time="0.0" classname="com.eic.qa.testcases.SolarScenarioTest">
    <skipped/>
  </testcase> <!-- solarAnnualMaintenanceCostvalue -->
  <testcase name="Wind" time="0.0" classname="com.eic.qa.testcases.SolarScenarioTest">
    <skipped/>
  </testcase> <!-- Wind -->
  <testcase name="windcapitalcostvalue" time="0.0" classname="com.eic.qa.testcases.SolarScenarioTest">
    <skipped/>
  </testcase> <!-- windcapitalcostvalue -->
  <testcase name="windAnnualMaintenanceCostvalue" time="0.0" classname="com.eic.qa.testcases.SolarScenarioTest">
    <skipped/>
  </testcase> <!-- windAnnualMaintenanceCostvalue -->
  <testcase name="EiLiquid" time="0.0" classname="com.eic.qa.testcases.SolarScenarioTest">
    <skipped/>
  </testcase> <!-- EiLiquid -->
  <testcase name="DCESEIPlant" time="0.001" classname="com.eic.qa.testcases.SolarScenarioTest">
    <skipped/>
  </testcase> <!-- DCESEIPlant -->
  <testcase name="eiStorageTotalCapitalCostvalue" time="0.0" classname="com.eic.qa.testcases.SolarScenarioTest">
    <skipped/>
  </testcase> <!-- eiStorageTotalCapitalCostvalue -->
  <testcase name="eiStorageAnnualMaintenanceCostvalue" time="0.0" classname="com.eic.qa.testcases.SolarScenarioTest">
    <skipped/>
  </testcase> <!-- eiStorageAnnualMaintenanceCostvalue -->
  <testcase name="eiDCESModuleTotalCapitalCostvalue" time="0.0" classname="com.eic.qa.testcases.SolarScenarioTest">
    <skipped/>
  </testcase> <!-- eiDCESModuleTotalCapitalCostvalue -->
  <testcase name="eiDCESAnnualMaintenanceCostvalue" time="0.0" classname="com.eic.qa.testcases.SolarScenarioTest">
    <skipped/>
  </testcase> <!-- eiDCESAnnualMaintenanceCostvalue -->
  <testcase name="UtilityGrid" time="0.0" classname="com.eic.qa.testcases.SolarScenarioTest">
    <skipped/>
  </testcase> <!-- UtilityGrid -->
  <testcase name="utilTotalCapitalCostvalue" time="0.0" classname="com.eic.qa.testcases.SolarScenarioTest">
    <skipped/>
  </testcase> <!-- utilTotalCapitalCostvalue -->
  <testcase name="utilTotalAnnualMaintenanceCostvalue" time="0.0" classname="com.eic.qa.testcases.SolarScenarioTest">
    <skipped/>
  </testcase> <!-- utilTotalAnnualMaintenanceCostvalue -->
  <testcase name="DataCenterCost" time="0.0" classname="com.eic.qa.testcases.SolarScenarioTest">
    <skipped/>
  </testcase> <!-- DataCenterCost -->
  <testcase name="TotalCapitalCostvalue" time="0.0" classname="com.eic.qa.testcases.SolarScenarioTest">
    <skipped/>
  </testcase> <!-- TotalCapitalCostvalue -->
  <testcase name="TotalAnnualMaintenanceCostvalue" time="0.0" classname="com.eic.qa.testcases.SolarScenarioTest">
    <skipped/>
  </testcase> <!-- TotalAnnualMaintenanceCostvalue -->
  <testcase name="save" time="0.0" classname="com.eic.qa.testcases.SolarScenarioTest">
    <skipped/>
  </testcase> <!-- save -->
  <testcase name="searchbyname" time="0.0" classname="com.eic.qa.testcases.SolarScenarioTest">
    <skipped/>
  </testcase> <!-- searchbyname -->
  <testcase name="Simulation" time="0.0" classname="com.eic.qa.testcases.SolarScenarioTest">
    <skipped/>
  </testcase> <!-- Simulation -->
  <testcase name="CapacityFactorsSummary" time="0.0" classname="com.eic.qa.testcases.SolarScenarioTest">
    <skipped/>
  </testcase> <!-- CapacityFactorsSummary -->
  <testcase name="tcotabledata" time="0.0" classname="com.eic.qa.testcases.SolarScenarioTest">
    <skipped/>
  </testcase> <!-- tcotabledata -->
  <testcase name="energytabledata" time="0.0" classname="com.eic.qa.testcases.SolarScenarioTest">
    <skipped/>
  </testcase> <!-- energytabledata -->
  <testcase name="LCOEtabledata" time="0.0" classname="com.eic.qa.testcases.SolarScenarioTest">
    <skipped/>
  </testcase> <!-- LCOEtabledata -->
  <testcase name="TImeSerieslink" time="0.0" classname="com.eic.qa.testcases.SolarScenarioTest">
    <skipped/>
  </testcase> <!-- TImeSerieslink -->
  <testcase name="AvailableRenewablePowerCheckbox" time="0.0" classname="com.eic.qa.testcases.SolarScenarioTest">
    <skipped/>
  </testcase> <!-- AvailableRenewablePowerCheckbox -->
  <testcase name="PowerToLoadCheckboxField" time="0.0" classname="com.eic.qa.testcases.SolarScenarioTest">
    <skipped/>
  </testcase> <!-- PowerToLoadCheckboxField -->
  <testcase name="OverallPowerSummaryCheckboxField" time="0.0" classname="com.eic.qa.testcases.SolarScenarioTest">
    <skipped/>
  </testcase> <!-- OverallPowerSummaryCheckboxField -->
  <testcase name="StoredEnergyCheckboxField" time="0.0" classname="com.eic.qa.testcases.SolarScenarioTest">
    <skipped/>
  </testcase> <!-- StoredEnergyCheckboxField -->
  <testcase name="RadioButtonFieldTimebased" time="0.0" classname="com.eic.qa.testcases.SolarScenarioTest">
    <skipped/>
  </testcase> <!-- RadioButtonFieldTimebased -->
  <testcase name="CashflowTable" time="0.0" classname="com.eic.qa.testcases.SolarScenarioTest">
    <skipped/>
  </testcase> <!-- CashflowTable -->
  <testcase name="unDiscountedCashFlowDownload" time="0.0" classname="com.eic.qa.testcases.SolarScenarioTest">
    <skipped/>
  </testcase> <!-- unDiscountedCashFlowDownload -->
  <testcase name="DiscountedCashFlowDownload" time="0.0" classname="com.eic.qa.testcases.SolarScenarioTest">
    <skipped/>
  </testcase> <!-- DiscountedCashFlowDownload -->
  <testcase name="Scenario" time="0.0" classname="com.eic.qa.testcases.SolarScenarioTest">
    <skipped/>
  </testcase> <!-- Scenario -->
  <testcase name="Scenariotext" time="0.0" classname="com.eic.qa.testcases.SolarScenarioTest">
    <skipped/>
  </testcase> <!-- Scenariotext -->
  <testcase name="sameContentOfExcelFiles1" time="0.0" classname="com.eic.qa.testcases.SolarScenarioTest">
    <skipped/>
  </testcase> <!-- sameContentOfExcelFiles1 -->
  <testcase name="teardown" time="0.0" classname="com.eic.qa.testcases.SolarScenarioTest">
    <skipped/>
  </testcase> <!-- teardown -->
</testsuite> <!-- Test -->
